<?xml version="1.0" encoding="UTF-8"?>
<!-- Generated by org.testng.reporters.JUnitReportReporter -->
<testsuite hostname="eprescribe2s-MacBook-Pro.local" name="com.qkn.automation.test.android.LoginVerification" tests="1" failures="0" timestamp="30 May 2016 19:09:29 GMT" time="71.298" errors="0">
  <testcase name="testLoginWithValidCredentails" time="71.298" classname="com.qkn.automation.test.android.LoginVerification"/>
</testsuite> <!-- com.qkn.automation.test.android.LoginVerification -->
