<?xml version="1.0" encoding="UTF-8"?>
<!-- Generated by org.testng.reporters.JUnitReportReporter -->
<testsuite hostname="JSs-MacBook-Pro.local" name="com.qkn.automation.test.android.SyncTest" tests="1" failures="0" timestamp="8 Jul 2016 07:59:46 GMT" time="43.620" errors="0">
  <testcase name="testLoginWithValidCredentails" time="43.620" classname="com.qkn.automation.test.android.SyncTest"/>
</testsuite> <!-- com.qkn.automation.test.android.SyncTest -->
