<?xml version="1.0" encoding="UTF-8"?>
<!-- Generated by org.testng.reporters.JUnitReportReporter -->
<testsuite hostname="eprescribe2s-MacBook-Pro.local" name="com.qkn.automation.test.android.VerifyOverviewPage" tests="1" failures="0" timestamp="5 Jun 2016 13:19:25 GMT" time="88.008" errors="0">
  <testcase name="testOverviewPageContent" time="88.008" classname="com.qkn.automation.test.android.VerifyOverviewPage"/>
</testsuite> <!-- com.qkn.automation.test.android.VerifyOverviewPage -->
