<?xml version="1.0" encoding="UTF-8"?>
<!-- Generated by org.testng.reporters.JUnitReportReporter -->
<testsuite hostname="eprescribe2s-MacBook-Pro.local" name="com.qkn.automation.test.android.VerifyBudgetMonth" tests="1" failures="0" timestamp="30 May 2016 19:09:29 GMT" time="97.001" errors="0">
  <testcase name="testBudgetMonth" time="97.001" classname="com.qkn.automation.test.android.VerifyBudgetMonth"/>
</testsuite> <!-- com.qkn.automation.test.android.VerifyBudgetMonth -->
