<?xml version="1.0" encoding="UTF-8"?>
<!-- Generated by org.testng.reporters.JUnitReportReporter -->
<testsuite hostname="eprescribe2s-MacBook-Pro.local" name="com.qkn.automation.test.android.VerifyGettingStarted" tests="1" failures="0" timestamp="30 May 2016 19:09:29 GMT" time="23.908" errors="0">
  <testcase name="testGetStarted" time="23.908" classname="com.qkn.automation.test.android.VerifyGettingStarted"/>
</testsuite> <!-- com.qkn.automation.test.android.VerifyGettingStarted -->
