<?xml version="1.0" encoding="UTF-8"?>
<!-- Generated by org.testng.reporters.JUnitReportReporter -->
<testsuite hostname="eprescribe2s-MacBook-Pro.local" name="com.qkn.automation.test.android.TrustLogoVerification" tests="1" failures="0" timestamp="31 May 2016 17:03:20 GMT" time="5.418" errors="0">
  <testcase name="testTrusteLogo" time="5.418" classname="com.qkn.automation.test.android.TrustLogoVerification"/>
</testsuite> <!-- com.qkn.automation.test.android.TrustLogoVerification -->
