<?xml version="1.0" encoding="UTF-8"?>
<!-- Generated by org.testng.reporters.JUnitReportReporter -->
<testsuite hostname="eprescribe2s-MacBook-Pro.local" name="com.qkn.automation.test.AndroidTest" tests="1" failures="0" timestamp="30 May 2016 16:52:36 GMT" time="70.343" errors="0">
  <testcase name="testLoginWithValidCredentails" time="70.343" classname="com.qkn.automation.test.AndroidTest"/>
</testsuite> <!-- com.qkn.automation.test.AndroidTest -->
