<?xml version="1.0" encoding="UTF-8"?>
<!-- Generated by org.testng.reporters.JUnitReportReporter -->
<testsuite hostname="eprescribe2s-MacBook-Pro.local" name="com.qkn.automation.test.android.VerifyTransaction" tests="1" failures="0" timestamp="5 Jun 2016 19:43:18 GMT" time="147.005" errors="0">
  <testcase name="testAddManualTransaction" time="147.005" classname="com.qkn.automation.test.android.VerifyTransaction"/>
</testsuite> <!-- com.qkn.automation.test.android.VerifyTransaction -->
