<?xml version="1.0" encoding="UTF-8"?>
<!-- Generated by org.testng.reporters.JUnitReportReporter -->
<testsuite hostname="eprescribe2s-MacBook-Pro.local" name="com.qkn.automation.test.android.VerifyForgotPasswordLink" tests="1" failures="0" timestamp="30 May 2016 19:09:29 GMT" time="17.213" errors="0">
  <testcase name="testForgotPasswordLink" time="17.213" classname="com.qkn.automation.test.android.VerifyForgotPasswordLink"/>
</testsuite> <!-- com.qkn.automation.test.android.VerifyForgotPasswordLink -->
