<?xml version="1.0" encoding="UTF-8"?>
<!-- Generated by org.testng.reporters.JUnitReportReporter -->
<testsuite hostname="JSs-MacBook-Pro.local" name="com.qkn.automation.test.android.LoginVerification" tests="1" failures="0" timestamp="8 Jul 2016 08:03:14 GMT" time="46.576" errors="0">
  <testcase name="testLoginWithValidCredentails" time="46.576" classname="com.qkn.automation.test.android.LoginVerification"/>
</testsuite> <!-- com.qkn.automation.test.android.LoginVerification -->
