<?xml version="1.0" encoding="UTF-8"?>
<!-- Generated by org.testng.reporters.JUnitReportReporter -->
<testsuite hostname="eprescribe2s-MacBook-Pro.local" name="com.qkn.automation.test.android.VerifyAccountsPage" tests="1" failures="0" timestamp="5 Jun 2016 14:28:55 GMT" time="63.832" errors="0">
  <testcase name="testnavigateToAccounts1" time="63.832" classname="com.qkn.automation.test.android.VerifyAccountsPage"/>
</testsuite> <!-- com.qkn.automation.test.android.VerifyAccountsPage -->
